<?xml version="1.0" encoding="UTF-8"?>
<!-- Generated by org.testng.reporters.JUnitReportReporter -->
<testsuite hostname="Reems-MacBook-Air.local" failures="0" tests="1" name="scripts._06_RadioButtonTest" time="9.440" errors="0" timestamp="2022-05-29T16:00:18 CDT" skipped="0">
  <testcase classname="scripts._06_RadioButtonTest" name="testFacebookGenderRadioButtons" time="9.440"/>
  <system-out/>
</testsuite> <!-- scripts._06_RadioButtonTest -->
