<?xml version="1.0" encoding="UTF-8"?>
<!-- Generated by org.testng.reporters.JUnitReportReporter -->
<testsuite hostname="Reems-MacBook-Air.local" failures="0" tests="2" name="scripts._10_WindowHandles" time="18.896" errors="0" timestamp="2022-06-11T14:42:46 CDT" skipped="0">
  <testcase classname="scripts._10_WindowHandles" name="testTechGlobalSchoolFaceBookIcon" time="11.010"/>
  <system-out/>
  <testcase classname="scripts._10_WindowHandles" name="testWindowHandle2" time="7.886"/>
  <system-out/>
</testsuite> <!-- scripts._10_WindowHandles -->
