<?xml version="1.0" encoding="UTF-8"?>
<!-- Generated by org.testng.reporters.JUnitReportReporter -->
<testsuite hostname="Reems-MacBook-Air.local" failures="0" tests="1" name="scripts._05_CheckBoxTest" time="9.512" errors="0" timestamp="2022-06-02T19:39:11 CDT" skipped="0">
  <testcase classname="scripts._05_CheckBoxTest" name="testCheckBoxInHeroApp" time="9.512"/>
  <system-out/>
</testsuite> <!-- scripts._05_CheckBoxTest -->
