<?xml version="1.0" encoding="UTF-8"?>
<!-- Generated by org.testng.reporters.JUnitReportReporter -->
<testsuite hostname="Reems-MacBook-Air.local" failures="0" tests="2" name="scripts._11_FileUpload" time="22.968" errors="0" timestamp="2022-06-11T14:42:46 CDT" skipped="0">
  <testcase classname="scripts._11_FileUpload" name="testFileUpload1" time="14.869"/>
  <system-out/>
  <testcase classname="scripts._11_FileUpload" name="testFileDownload" time="8.099"/>
  <system-out/>
</testsuite> <!-- scripts._11_FileUpload -->
