<?xml version="1.0" encoding="UTF-8"?>
<!-- Generated by org.testng.reporters.JUnitReportReporter -->
<testsuite hostname="Reems-MacBook-Air.local" failures="0" tests="2" name="scripts._09_IFrames" time="35.726" errors="0" timestamp="2022-06-11T14:42:46 CDT" skipped="0">
  <testcase classname="scripts._09_IFrames" name="testIFrame1" time="8.238"/>
  <system-out/>
  <testcase classname="scripts._09_IFrames" name="testIFrame2" time="27.488"/>
  <system-out/>
</testsuite> <!-- scripts._09_IFrames -->
