<?xml version="1.0" encoding="UTF-8"?>
<!-- Generated by org.testng.reporters.JUnitReportReporter -->
<testsuite hostname="Reems-MacBook-Air.local" failures="0" tests="1" name="scripts._06_RadioButtonTest" time="10.447" errors="0" timestamp="2022-06-11T14:42:46 CDT" skipped="0">
  <testcase classname="scripts._06_RadioButtonTest" name="testFacebookGenderRadioButtons" time="10.447"/>
  <system-out/>
</testsuite> <!-- scripts._06_RadioButtonTest -->
