<?xml version="1.0" encoding="UTF-8"?>
<!-- Generated by org.testng.reporters.JUnitReportReporter -->
<testsuite hostname="Reems-MacBook-Air.local" failures="0" tests="1" name="scripts._02_TechGlobalTest" time="7.596" errors="0" timestamp="2022-05-22T15:55:37 CDT" skipped="0">
  <testcase classname="scripts._02_TechGlobalTest" name="testApplicationFormHeading" time="7.596"/>
  <system-out/>
</testsuite> <!-- scripts._02_TechGlobalTest -->
