<?xml version="1.0" encoding="UTF-8"?>
<!-- Generated by org.testng.reporters.JUnitReportReporter -->
<testsuite hostname="Reems-MacBook-Air.local" failures="0" tests="3" name="scripts._01_AppleTest" time="16.584" errors="0" timestamp="2022-05-22T15:55:37 CDT" skipped="1">
  <testcase classname="scripts._01_AppleTest" name="testAppleTitle" time="8.176"/>
  <system-out/>
  <testcase classname="scripts._01_AppleTest" name="testAppleURL" time="8.408"/>
  <system-out/>
  <testcase classname="scripts._01_AppleTest" name="X">
    <skipped/>
  </testcase> <!-- X -->
  <system-out/>
</testsuite> <!-- scripts._01_AppleTest -->
