<?xml version="1.0" encoding="UTF-8"?>
<!-- Generated by org.testng.reporters.JUnitReportReporter -->
<testsuite hostname="Reems-MacBook-Air.local" failures="0" tests="3" name="scripts._07_DropdownTest" time="61.157" errors="0" timestamp="2022-05-29T16:00:18 CDT" skipped="0">
  <testcase classname="scripts._07_DropdownTest" name="testUnsecurePasswordErrorMessage" time="10.864"/>
  <system-out/>
  <testcase classname="scripts._07_DropdownTest" name="testExpediaDropdowns" time="44.554"/>
  <system-out/>
  <testcase classname="scripts._07_DropdownTest" name="testEbayDropdown" time="5.739"/>
  <system-out/>
</testsuite> <!-- scripts._07_DropdownTest -->
