<?xml version="1.0" encoding="UTF-8"?>
<!-- Generated by org.testng.reporters.JUnitReportReporter -->
<testsuite hostname="Reems-MacBook-Air.local" failures="0" tests="2" name="scripts._01_AppleTest" time="29.543" errors="0" timestamp="2022-06-02T19:39:11 CDT" skipped="1">
  <testcase classname="scripts._01_AppleTest" name="testAppleURL" time="29.543"/>
  <system-out/>
  <testcase classname="scripts._01_AppleTest" name="X">
    <skipped/>
  </testcase> <!-- X -->
  <system-out/>
</testsuite> <!-- scripts._01_AppleTest -->
