<?xml version="1.0" encoding="UTF-8"?>
<!-- Generated by org.testng.reporters.JUnitReportReporter -->
<testsuite hostname="Reems-MacBook-Air.local" failures="0" tests="1" name="scripts._03_EtsyTest" time="11.983" errors="0" timestamp="2022-06-02T19:39:11 CDT" skipped="0">
  <testcase classname="scripts._03_EtsyTest" name="testMainHeader" time="11.983"/>
  <system-out/>
</testsuite> <!-- scripts._03_EtsyTest -->
